
[1;35m
       ________          __                
___  __\_____  \  ______/  |______ _______ 
\  \/  / _(__  < /  ___|   __\__  \\_  __ \
 >    < /       \\\___ \ |  |  / __ \|  | \/
/__/\_Y______  /____  >|__| (____  /__|   
     \/      \/     \/           \/       
[0m[36m
🚀  X3 Chain Node — syncing the mesh ⚡️[0m

2026-05-13 17:58:33.623  INFO main sc_cli::runner: X3 Chain Node
2026-05-13 17:58:33.623  INFO main sc_cli::runner: ✌️  version 0.1.0
2026-05-13 17:58:33.623  INFO main sc_cli::runner: ❤️  by X3 Chain Core Engineering <engineering@x3-chain.io>, 2024-2026
2026-05-13 17:58:33.623  INFO main sc_cli::runner: 📋 Chain specification: X3 Chain Local Testnet
2026-05-13 17:58:33.623  INFO main sc_cli::runner: 🏷  Node name: Alice
2026-05-13 17:58:33.623  INFO main sc_cli::runner: 👤 Role: AUTHORITY
2026-05-13 17:58:33.623  INFO main sc_cli::runner: 💾 Database: ParityDb at /tmp/x3-rc3-alice/chains/x3_chain_local/paritydb/full
2026-05-13 17:58:33.623  INFO main x3_chain_node::command: Starting X3 Chain node as Authority
2026-05-13 17:58:33.624  INFO main x3_chain_node::service: 🌐 Network speed detected: Normal (set X3_NETWORK_SPEED=slow|normal|fast to override)
2026-05-13 17:58:33.624  INFO main x3_chain_node::service: 🔗 TX Pool configured for Normal network: 100000 ready / 50000 future, 256 MiB
2026-05-13 17:58:54.060  INFO main sc_service::client::client: 🔨 Initializing Genesis block/state (state: 0x5094…6b34, header-hash: 0x3cbb…7e49)
2026-05-13 17:58:54.068  INFO main txpool: Creating transaction pool txpool_type=SingleState ready=Limit { count: 100000, total_bytes: 268435456 } future=Limit { count: 10000, total_bytes: 26843545 }
2026-05-13 17:58:54.069  INFO main grandpa: 👴 Loading GRANDPA authority set from genesis on what appears to be first startup.
2026-05-13 17:58:54.073  INFO main x3_chain_node::service: 🧩 Atomic kernel feature gate is disabled (default)
2026-05-13 17:58:54.076  INFO main sub-libp2p: 🏷  Local node identity is: 12D3KooWEyoppNCUx8Yx66oV9fJnriXwCcXwDDUA2kj6vnc6iDEp
2026-05-13 17:58:54.076  INFO main sub-libp2p: Running libp2p network backend
2026-05-13 17:58:54.078  INFO main libp2p_swarm: local_peer_id=12D3KooWEyoppNCUx8Yx66oV9fJnriXwCcXwDDUA2kj6vnc6iDEp
2026-05-13 17:58:54.080  INFO main x3_chain_node::service: 📊 X3 Prometheus metrics registered successfully
2026-05-13 17:58:54.248  INFO main sc_sysinfo: 💻 Operating system: linux
2026-05-13 17:58:54.248  INFO main sc_sysinfo: 💻 CPU architecture: x86_64
2026-05-13 17:58:54.248  INFO main sc_sysinfo: 💻 Target environment: gnu
2026-05-13 17:58:54.248  INFO main sc_sysinfo: 💻 CPU: AMD Ryzen Threadripper 1900X 8-Core Processor
2026-05-13 17:58:54.248  INFO main sc_sysinfo: 💻 CPU cores: 8
2026-05-13 17:58:54.248  INFO main sc_sysinfo: 💻 Memory: 64137MB
2026-05-13 17:58:54.248  INFO main sc_sysinfo: 💻 Kernel: 6.8.0-111-generic
2026-05-13 17:58:54.248  INFO main sc_sysinfo: 💻 Linux distribution: Ubuntu 22.04.5 LTS
2026-05-13 17:58:54.248  INFO main sc_sysinfo: 💻 Virtual machine: no
2026-05-13 17:58:54.248  INFO main sc_service::builder: 📦 Highest known block at #0
2026-05-13 17:58:54.249  INFO main sc_rpc_server: Running JSON-RPC server: addr=127.0.0.1:9944,[::1]:9944
2026-05-13 17:58:54.252  INFO main x3_chain_node::service: 🌉 Cross-VM bridge adapters wired (balance + escrow)
2026-05-13 17:58:54.252  WARN main x3_chain_node::service: ⚠️ Cross-VM Sidecar Service disabled via X3_ENABLE_SIDECAR=false
2026-05-13 17:58:54.252  INFO main x3_chain_node::service: ✨ X3 Chain node started successfully
2026-05-13 17:58:54.252  INFO main x3_chain_node::service: 🔗 Network: X3 Chain Local Testnet
2026-05-13 17:58:54.252  INFO main x3_chain_node::service: 👤 Node name: Alice
2026-05-13 17:58:54.252  INFO main x3_chain_node::service: 📋 Role: Authority
2026-05-13 17:58:54.583  WARN tokio-rt-worker libp2p_kad::behaviour: Failed to trigger bootstrap: No known peers.
2026-05-13 17:58:59.255  INFO tokio-rt-worker substrate: 💤 Idle (0 peers), best: #0 (0x3cbb…7e49), finalized #0 (0x3cbb…7e49), ⬇ 0 ⬆ 0
2026-05-13 17:59:04.256  INFO tokio-rt-worker substrate: 💤 Idle (0 peers), best: #0 (0x3cbb…7e49), finalized #0 (0x3cbb…7e49), ⬇ 0 ⬆ 0
2026-05-13 17:59:09.264  INFO tokio-rt-worker substrate: 💤 Idle (0 peers), best: #0 (0x3cbb…7e49), finalized #0 (0x3cbb…7e49), ⬇ 0 ⬆ 0
2026-05-13 17:59:14.265  INFO tokio-rt-worker substrate: 💤 Idle (0 peers), best: #0 (0x3cbb…7e49), finalized #0 (0x3cbb…7e49), ⬇ 0 ⬆ 0
2026-05-13 17:59:19.269  INFO tokio-rt-worker substrate: 💤 Idle (0 peers), best: #0 (0x3cbb…7e49), finalized #0 (0x3cbb…7e49), ⬇ 0 ⬆ 0
2026-05-13 17:59:24.272  INFO tokio-rt-worker substrate: 💤 Idle (0 peers), best: #0 (0x3cbb…7e49), finalized #0 (0x3cbb…7e49), ⬇ 0 ⬆ 0
2026-05-13 17:59:29.274  INFO tokio-rt-worker substrate: 💤 Idle (0 peers), best: #0 (0x3cbb…7e49), finalized #0 (0x3cbb…7e49), ⬇ 0 ⬆ 0
2026-05-13 17:59:32.281  INFO tokio-rt-worker libp2p_mdns::behaviour: discovered peer on address peer=12D3KooWHdiAxVd8uMQR1hGWXccidmfCwLqcMpGwR6QcTP6QRMuD address=/ip4/192.168.0.8/tcp/30434/p2p/12D3KooWHdiAxVd8uMQR1hGWXccidmfCwLqcMpGwR6QcTP6QRMuD
2026-05-13 17:59:32.281  INFO tokio-rt-worker libp2p_mdns::behaviour: discovered peer on address peer=12D3KooWHdiAxVd8uMQR1hGWXccidmfCwLqcMpGwR6QcTP6QRMuD address=/ip4/172.18.0.1/tcp/30434/p2p/12D3KooWHdiAxVd8uMQR1hGWXccidmfCwLqcMpGwR6QcTP6QRMuD
2026-05-13 17:59:32.281  INFO tokio-rt-worker libp2p_mdns::behaviour: discovered peer on address peer=12D3KooWHdiAxVd8uMQR1hGWXccidmfCwLqcMpGwR6QcTP6QRMuD address=/ip4/172.17.0.1/tcp/30434/p2p/12D3KooWHdiAxVd8uMQR1hGWXccidmfCwLqcMpGwR6QcTP6QRMuD
2026-05-13 17:59:32.877  INFO tokio-rt-worker libp2p_mdns::behaviour: discovered peer on address peer=12D3KooWSCufgHzV4fCwRijfH2k3abrpAJxTKxEvN1FDuRXA2U9x address=/ip4/172.18.0.1/tcp/30435/p2p/12D3KooWSCufgHzV4fCwRijfH2k3abrpAJxTKxEvN1FDuRXA2U9x
2026-05-13 17:59:32.877  INFO tokio-rt-worker libp2p_mdns::behaviour: discovered peer on address peer=12D3KooWSCufgHzV4fCwRijfH2k3abrpAJxTKxEvN1FDuRXA2U9x address=/ip4/192.168.0.8/tcp/30435/p2p/12D3KooWSCufgHzV4fCwRijfH2k3abrpAJxTKxEvN1FDuRXA2U9x
2026-05-13 17:59:32.877  INFO tokio-rt-worker libp2p_mdns::behaviour: discovered peer on address peer=12D3KooWSCufgHzV4fCwRijfH2k3abrpAJxTKxEvN1FDuRXA2U9x address=/ip4/172.17.0.1/tcp/30435/p2p/12D3KooWSCufgHzV4fCwRijfH2k3abrpAJxTKxEvN1FDuRXA2U9x
2026-05-13 17:59:33.202  INFO tokio-rt-worker parallel-proposer: Starting parallel proposer on top of parent 0x3cbb57fedd3ccf819550ce41dfd0a875554d81ab3a58eda7cb5d67a1ce077e49
2026-05-13 17:59:33.225  INFO tokio-rt-worker parallel-proposer: Prepared parallel proposal for block #1 on parent #0
2026-05-13 17:59:33.303  INFO tokio-rt-worker aura: 🔖 Pre-sealed block for proposal at 1. Hash now 0xd97ff252cb8b9e8b080be6daac950bee0d69065a62bfad95486dcb0b7f27ff5d, previously 0xab44a03aec7ce5b5fea78b6c0aed17bf7a68cfe34c43214779aa770a0ebdd66c.
2026-05-13 17:59:33.304  INFO tokio-rt-worker substrate: 🏆 Imported #1 (0x3cbb…7e49 → 0xd97f…ff5d)
2026-05-13 17:59:33.304  INFO tokio-rt-worker x3_chain_node::service: \x1b[35m📦 Block imported: #1 — syncing state\x1b[0m
2026-05-13 17:59:33.559  INFO tokio-rt-worker substrate: 🏆 Imported #2 (0xd97f…ff5d → 0x14d3…a6f0)
2026-05-13 17:59:33.559  INFO tokio-rt-worker x3_chain_node::service: \x1b[35m📦 Block imported: #2 — syncing state\x1b[0m
2026-05-13 17:59:33.602  INFO tokio-rt-worker parallel-proposer: Starting parallel proposer on top of parent 0x14d3e770a5f7a0e35bccb7419e35b5666985b9120fcec27595316e829d74a6f0
2026-05-13 17:59:33.632  INFO tokio-rt-worker parallel-proposer: Prepared parallel proposal for block #3 on parent #2
2026-05-13 17:59:33.692  INFO tokio-rt-worker aura: 🔖 Pre-sealed block for proposal at 3. Hash now 0x5d1d8ee20c5eecc9c3d00621e329e60eb7098031fd0f512bf7d479a351ee4a4c, previously 0xd62c93cf8a1c095efe8b6adae492e991e6c8f11e1452ea9017085fbccdb848a9.
2026-05-13 17:59:33.693  INFO tokio-rt-worker substrate: 🏆 Imported #3 (0x14d3…a6f0 → 0x5d1d…4a4c)
2026-05-13 17:59:33.693  INFO tokio-rt-worker x3_chain_node::service: \x1b[35m📦 Block imported: #3 — syncing state\x1b[0m
2026-05-13 17:59:33.940  INFO tokio-rt-worker x3_chain_node::service: \x1b[35m📦 Block imported: #4 — syncing state\x1b[0m
2026-05-13 17:59:33.940  INFO tokio-rt-worker substrate: 🏆 Imported #4 (0x5d1d…4a4c → 0x7836…c3e9)
2026-05-13 17:59:34.002  INFO tokio-rt-worker parallel-proposer: Starting parallel proposer on top of parent 0x7836461ec2eced0653099186c0c3724eeb01348d48e86121f8d5e82b217cc3e9
2026-05-13 17:59:34.019  INFO tokio-rt-worker parallel-proposer: Prepared parallel proposal for block #5 on parent #4
2026-05-13 17:59:34.082  INFO tokio-rt-worker aura: 🔖 Pre-sealed block for proposal at 5. Hash now 0x92256b8c8f697571090796d85970f5586b6cc7b2fbf68edbe5faa7f7bd476b1e, previously 0x26107ff17ad5ce3dda202a644fe15c4c729d01246d79f4b94237a3bd1396f439.
2026-05-13 17:59:34.083  INFO tokio-rt-worker substrate: 🏆 Imported #5 (0x7836…c3e9 → 0x9225…6b1e)
2026-05-13 17:59:34.083  INFO tokio-rt-worker x3_chain_node::service: \x1b[35m📦 Block imported: #5 — syncing state\x1b[0m
2026-05-13 17:59:34.275  INFO tokio-rt-worker substrate: 💤 Idle (2 peers), best: #5 (0x9225…6b1e), finalized #0 (0x3cbb…7e49), ⬇ 2.4kiB/s ⬆ 2.8kiB/s
2026-05-13 17:59:34.351  INFO tokio-rt-worker substrate: 🏆 Imported #6 (0x9225…6b1e → 0x198a…badb)
2026-05-13 17:59:34.351  INFO tokio-rt-worker x3_chain_node::service: \x1b[35m📦 Block imported: #6 — syncing state\x1b[0m
2026-05-13 17:59:34.377  INFO tokio-rt-worker x3_chain_node::service: \x1b[33m🏆 Block finalized: #2 ✅\x1b[0m
2026-05-13 17:59:34.402  INFO tokio-rt-worker parallel-proposer: Starting parallel proposer on top of parent 0x198a24a8f3569a794724e482aa69bec695d9e34d786a966477a1835d5a91badb
2026-05-13 17:59:34.426  INFO tokio-rt-worker parallel-proposer: Prepared parallel proposal for block #7 on parent #6
2026-05-13 17:59:34.591  INFO tokio-rt-worker aura: 🔖 Pre-sealed block for proposal at 7. Hash now 0x5f84cf1e236420422c60714a05865cdd563bb801db8cdc5023acd54df0838a3d, previously 0x99c00ebe4f6226e3a518eb1eeded9e64d347ea0616d136861e4b0fce025d6969.
2026-05-13 17:59:34.594  INFO tokio-rt-worker x3_chain_node::service: \x1b[35m📦 Block imported: #7 — syncing state\x1b[0m
2026-05-13 17:59:34.594  INFO tokio-rt-worker substrate: 🏆 Imported #7 (0x198a…badb → 0x5f84…8a3d)
2026-05-13 17:59:34.746  INFO tokio-rt-worker x3_chain_node::service: \x1b[35m📦 Block imported: #7 — syncing state\x1b[0m
2026-05-13 17:59:34.746  INFO tokio-rt-worker substrate: 🆕 Imported #7 (0x198a…badb → 0x0a46…1660)
2026-05-13 17:59:34.802  INFO tokio-rt-worker parallel-proposer: Starting parallel proposer on top of parent 0x5f84cf1e236420422c60714a05865cdd563bb801db8cdc5023acd54df0838a3d
2026-05-13 17:59:34.838  INFO tokio-rt-worker parallel-proposer: Prepared parallel proposal for block #8 on parent #7
2026-05-13 17:59:34.877  INFO tokio-rt-worker x3_chain_node::service: \x1b[33m🏆 Block finalized: #4 ✅\x1b[0m
2026-05-13 17:59:34.892  INFO tokio-rt-worker aura: 🔖 Pre-sealed block for proposal at 8. Hash now 0xa76fe70deda2949541869e22c08dfc5c571eb1a29088441db6642a51de8560ce, previously 0x4d29b111d796c3807b2166935648ba61ff2299d4520575384c0df909b7ac8112.
2026-05-13 17:59:34.894  INFO tokio-rt-worker x3_chain_node::service: \x1b[35m📦 Block imported: #8 — syncing state\x1b[0m
2026-05-13 17:59:34.894  INFO tokio-rt-worker substrate: 🏆 Imported #8 (0x5f84…8a3d → 0xa76f…60ce)
2026-05-13 17:59:35.150  INFO tokio-rt-worker x3_chain_node::service: \x1b[35m📦 Block imported: #9 — syncing state\x1b[0m
2026-05-13 17:59:35.150  INFO tokio-rt-worker substrate: 🏆 Imported #9 (0xa76f…60ce → 0x4bfc…86ab)
2026-05-13 17:59:35.202  INFO tokio-rt-worker parallel-proposer: Starting parallel proposer on top of parent 0x4bfca185a7a1f3db590f5cad2396d68667ca388f5ae5ad0c07194882335c86ab
2026-05-13 17:59:35.230  INFO tokio-rt-worker parallel-proposer: Prepared parallel proposal for block #10 on parent #9
2026-05-13 17:59:35.311  INFO tokio-rt-worker aura: 🔖 Pre-sealed block for proposal at 10. Hash now 0xba09fe443d846757dd8c06a583281c11e6f8a3b6a2f649b9eb2a990a661e23ab, previously 0x01c765b0b1ed2d714bf4c46009a4acf397266491e42cda3cc213c33bfb4a36d8.
2026-05-13 17:59:35.313  INFO tokio-rt-worker substrate: 🏆 Imported #10 (0x4bfc…86ab → 0xba09…23ab)
2026-05-13 17:59:35.313  INFO tokio-rt-worker x3_chain_node::service: \x1b[35m📦 Block imported: #10 — syncing state\x1b[0m
2026-05-13 17:59:35.348  INFO tokio-rt-worker x3_chain_node::service: \x1b[33m🏆 Block finalized: #6 ✅\x1b[0m
2026-05-13 17:59:35.560  INFO tokio-rt-worker substrate: 🏆 Imported #11 (0xba09…23ab → 0x5a3c…ad1e)
2026-05-13 17:59:35.560  INFO tokio-rt-worker x3_chain_node::service: \x1b[35m📦 Block imported: #11 — syncing state\x1b[0m
2026-05-13 17:59:35.603  INFO tokio-rt-worker parallel-proposer: Starting parallel proposer on top of parent 0x5a3c07845126495adb135c89b309d6a0fceb300893ba2b0d420ed2171d6cad1e
2026-05-13 17:59:35.627  INFO tokio-rt-worker parallel-proposer: Prepared parallel proposal for block #12 on parent #11
2026-05-13 17:59:35.733  INFO tokio-rt-worker aura: 🔖 Pre-sealed block for proposal at 12. Hash now 0x5e3505663154a2552a3332c2573c68988e2def63ee63ba6fd6e7a1e8f5837b61, previously 0xddfaf0e7b4403832e9df6599e50ac024e94cde36cc99caafed3fc686ca9bc44d.
2026-05-13 17:59:35.734  INFO tokio-rt-worker substrate: 🏆 Imported #12 (0x5a3c…ad1e → 0x5e35…7b61)
2026-05-13 17:59:35.735  INFO tokio-rt-worker x3_chain_node::service: \x1b[35m📦 Block imported: #12 — syncing state\x1b[0m
2026-05-13 17:59:35.843  INFO tokio-rt-worker x3_chain_node::service: \x1b[33m🏆 Block finalized: #8 ✅\x1b[0m
2026-05-13 17:59:35.962  INFO tokio-rt-worker x3_chain_node::service: \x1b[35m📦 Block imported: #13 — syncing state\x1b[0m
2026-05-13 17:59:35.962  INFO tokio-rt-worker substrate: 🏆 Imported #13 (0x5e35…7b61 → 0x596e…bea0)
2026-05-13 17:59:36.002  INFO tokio-rt-worker parallel-proposer: Starting parallel proposer on top of parent 0x596e883114a1eace20d50325ba2bfcee50f16e0d2f59ec18bdfd1ca7048bbea0
2026-05-13 17:59:36.022  INFO tokio-rt-worker parallel-proposer: Prepared parallel proposal for block #14 on parent #13
2026-05-13 17:59:36.100  INFO tokio-rt-worker aura: 🔖 Pre-sealed block for proposal at 14. Hash now 0x4ce738552c90f0006a7419f7f7585855e5c4b6938cbe0e561b1444c384010d8a, previously 0xc180314901d644fbe450d8a1481888584e27ed4e2ea4eb83234f74adffc1d3b3.
2026-05-13 17:59:36.102  INFO tokio-rt-worker substrate: 🏆 Imported #14 (0x596e…bea0 → 0x4ce7…0d8a)
2026-05-13 17:59:36.102  INFO tokio-rt-worker x3_chain_node::service: \x1b[35m📦 Block imported: #14 — syncing state\x1b[0m
2026-05-13 17:59:36.320  INFO tokio-rt-worker x3_chain_node::service: \x1b[33m🏆 Block finalized: #11 ✅\x1b[0m
2026-05-13 17:59:36.340  INFO tokio-rt-worker substrate: 🏆 Imported #15 (0x4ce7…0d8a → 0x78c0…00b3)
2026-05-13 17:59:36.340  INFO tokio-rt-worker x3_chain_node::service: \x1b[35m📦 Block imported: #15 — syncing state\x1b[0m
2026-05-13 17:59:36.402  INFO tokio-rt-worker parallel-proposer: Starting parallel proposer on top of parent 0x78c020a51a6af706f4bb9b6f2cb19c88fabdc4282fc4dce1b6dc2d99821d00b3
2026-05-13 17:59:36.424  INFO tokio-rt-worker parallel-proposer: Prepared parallel proposal for block #16 on parent #15
2026-05-13 17:59:36.505  INFO tokio-rt-worker aura: 🔖 Pre-sealed block for proposal at 16. Hash now 0xc026b26087f11509e83b4f574031388ca5ad1086850918b6d2c72b1dbecde118, previously 0x2b28733e2d5da48cbd30c89537bc99edf39f681985a1b133c27de718da7f9766.
2026-05-13 17:59:36.507  INFO tokio-rt-worker x3_chain_node::service: \x1b[35m📦 Block imported: #16 — syncing state\x1b[0m
2026-05-13 17:59:36.507  INFO tokio-rt-worker substrate: 🏆 Imported #16 (0x78c0…00b3 → 0xc026…e118)
2026-05-13 17:59:36.735  INFO tokio-rt-worker substrate: 🏆 Imported #17 (0xc026…e118 → 0xdc11…ee08)
2026-05-13 17:59:36.735  INFO tokio-rt-worker x3_chain_node::service: \x1b[35m📦 Block imported: #17 — syncing state\x1b[0m
2026-05-13 17:59:36.801  INFO tokio-rt-worker parallel-proposer: Starting parallel proposer on top of parent 0xdc11269f4883d44fda4cbed34115a413f22c9453e27e166011d743fcdb03ee08
2026-05-13 17:59:36.823  INFO tokio-rt-worker x3_chain_node::service: \x1b[33m🏆 Block finalized: #13 ✅\x1b[0m
2026-05-13 17:59:36.835  INFO tokio-rt-worker parallel-proposer: Prepared parallel proposal for block #18 on parent #17
2026-05-13 17:59:36.890  INFO tokio-rt-worker aura: 🔖 Pre-sealed block for proposal at 18. Hash now 0x41e42726c7b2dbdd965d074bf592a4b51849a88ddf03286964982b0184b7eb67, previously 0x7392a4beb4d91d7351e5b3fa38b4e783344408a741706e33adf9d95960df17c8.
2026-05-13 17:59:36.891  INFO tokio-rt-worker x3_chain_node::service: \x1b[35m📦 Block imported: #18 — syncing state\x1b[0m
2026-05-13 17:59:36.891  INFO tokio-rt-worker substrate: 🏆 Imported #18 (0xdc11…ee08 → 0x41e4…eb67)
2026-05-13 17:59:37.164  INFO tokio-rt-worker x3_chain_node::service: \x1b[35m📦 Block imported: #19 — syncing state\x1b[0m
2026-05-13 17:59:37.164  INFO tokio-rt-worker substrate: 🏆 Imported #19 (0x41e4…eb67 → 0x4154…b4aa)
2026-05-13 17:59:37.203  INFO tokio-rt-worker parallel-proposer: Starting parallel proposer on top of parent 0x415467594e2bfdc56c0b7661da29b17547e8ce22a4a622872dd915a31be5b4aa
2026-05-13 17:59:37.235  INFO tokio-rt-worker parallel-proposer: Prepared parallel proposal for block #20 on parent #19
2026-05-13 17:59:37.305  INFO tokio-rt-worker x3_chain_node::service: \x1b[33m🏆 Block finalized: #16 ✅\x1b[0m
2026-05-13 17:59:37.314  INFO tokio-rt-worker aura: 🔖 Pre-sealed block for proposal at 20. Hash now 0x6e07cf352caf4b28fd4d3ef5f4896e3cd0f47f6bcc95b4d1955d9128107a8294, previously 0xaaf1a93b7a7b77af3910285bd3c33a8b9167f29c8ed4ff7fdc7ab57ca2d3f588.
2026-05-13 17:59:37.315  INFO tokio-rt-worker x3_chain_node::service: \x1b[35m📦 Block imported: #20 — syncing state\x1b[0m
2026-05-13 17:59:37.315  INFO tokio-rt-worker substrate: 🏆 Imported #20 (0x4154…b4aa → 0x6e07…8294)
2026-05-13 17:59:37.538  INFO tokio-rt-worker x3_chain_node::service: \x1b[35m📦 Block imported: #21 — syncing state\x1b[0m
2026-05-13 17:59:37.538  INFO tokio-rt-worker substrate: 🏆 Imported #21 (0x6e07…8294 → 0xe30e…4180)
2026-05-13 17:59:37.602  INFO tokio-rt-worker parallel-proposer: Starting parallel proposer on top of parent 0xe30e06cf02185a4051046cbce846ca644b47924ba26cde8e2e2597f3e2a44180
2026-05-13 17:59:37.627  INFO tokio-rt-worker parallel-proposer: Prepared parallel proposal for block #22 on parent #21
2026-05-13 17:59:37.703  INFO tokio-rt-worker aura: 🔖 Pre-sealed block for proposal at 22. Hash now 0x4b303c622ed12755dd798e4369099302119e87779271887430cb81866009ed0a, previously 0xbc33ea26cebd166d6bf2fd072d5a0aa1c96d572f22b4fd3a23a591cbe3f9083a.
2026-05-13 17:59:37.704  INFO tokio-rt-worker substrate: 🏆 Imported #22 (0xe30e…4180 → 0x4b30…ed0a)
2026-05-13 17:59:37.704  INFO tokio-rt-worker x3_chain_node::service: \x1b[35m📦 Block imported: #22 — syncing state\x1b[0m
2026-05-13 17:59:37.790  INFO tokio-rt-worker x3_chain_node::service: \x1b[33m🏆 Block finalized: #18 ✅\x1b[0m
2026-05-13 17:59:37.958  INFO tokio-rt-worker x3_chain_node::service: \x1b[35m📦 Block imported: #23 — syncing state\x1b[0m
2026-05-13 17:59:37.958  INFO tokio-rt-worker substrate: 🏆 Imported #23 (0x4b30…ed0a → 0x8072…f899)
2026-05-13 17:59:38.001  INFO tokio-rt-worker parallel-proposer: Starting parallel proposer on top of parent 0x8072f6396003a19be92ba01baad3d9be653678d80be9f821b1d7d9dd7056f899
2026-05-13 17:59:38.021  INFO tokio-rt-worker parallel-proposer: Prepared parallel proposal for block #24 on parent #23
2026-05-13 17:59:38.093  INFO tokio-rt-worker aura: 🔖 Pre-sealed block for proposal at 24. Hash now 0x9a365c0439a0d5c9b31978a59c6993e9ebe9f7cb39cdf8799bc9fee45869f6fe, previously 0xeca0934993873a4b2c5a8f00045b310f5cc50ee445389a83740b70f519fbd0e8.
2026-05-13 17:59:38.095  INFO tokio-rt-worker x3_chain_node::service: \x1b[35m📦 Block imported: #24 — syncing state\x1b[0m
2026-05-13 17:59:38.095  INFO tokio-rt-worker substrate: 🏆 Imported #24 (0x8072…f899 → 0x9a36…f6fe)
2026-05-13 17:59:38.280  INFO tokio-rt-worker x3_chain_node::service: \x1b[33m🏆 Block finalized: #21 ✅\x1b[0m
2026-05-13 17:59:38.338  INFO tokio-rt-worker x3_chain_node::service: \x1b[35m📦 Block imported: #25 — syncing state\x1b[0m
2026-05-13 17:59:38.338  INFO tokio-rt-worker substrate: 🏆 Imported #25 (0x9a36…f6fe → 0x7307…de72)
2026-05-13 17:59:38.402  INFO tokio-rt-worker parallel-proposer: Starting parallel proposer on top of parent 0x73072c4b98f2d8ae1caf362d185598fab18e933fa080ffde18d67fa14283de72
2026-05-13 17:59:38.422  INFO tokio-rt-worker parallel-proposer: Prepared parallel proposal for block #26 on parent #25
2026-05-13 17:59:38.509  INFO tokio-rt-worker aura: 🔖 Pre-sealed block for proposal at 26. Hash now 0x85e5b4752bd47580143891c29d0c8a34d8e56c5133bd469f823e42e85cb398c6, previously 0xef58bfd27823022101d594c7d778b7a1b30b095fce181f6e19f25087b430aa3f.
2026-05-13 17:59:38.510  INFO tokio-rt-worker x3_chain_node::service: \x1b[35m📦 Block imported: #26 — syncing state\x1b[0m
2026-05-13 17:59:38.510  INFO tokio-rt-worker substrate: 🏆 Imported #26 (0x7307…de72 → 0x85e5…98c6)
2026-05-13 17:59:38.752  INFO tokio-rt-worker x3_chain_node::service: \x1b[33m🏆 Block finalized: #23 ✅\x1b[0m
2026-05-13 17:59:38.754  INFO tokio-rt-worker substrate: 🏆 Imported #27 (0x85e5…98c6 → 0xcd44…87e1)
2026-05-13 17:59:38.754  INFO tokio-rt-worker x3_chain_node::service: \x1b[35m📦 Block imported: #27 — syncing state\x1b[0m
2026-05-13 17:59:38.803  INFO tokio-rt-worker parallel-proposer: Starting parallel proposer on top of parent 0xcd4494fe354b4a78f2d68d4fdbf031685cbd3dafabcc7250cba0d41128e587e1
2026-05-13 17:59:38.830  INFO tokio-rt-worker parallel-proposer: Prepared parallel proposal for block #28 on parent #27
2026-05-13 17:59:38.911  INFO tokio-rt-worker aura: 🔖 Pre-sealed block for proposal at 28. Hash now 0x83d2b3f3a39a85cca19184f299c0008caf5e22517b3d2fbb69838b466b75bafd, previously 0x5256e3071b8eb5e739f862206d2098a32e84403d64a0d5d8162f315eb2475b4e.
2026-05-13 17:59:38.913  INFO tokio-rt-worker x3_chain_node::service: \x1b[35m📦 Block imported: #28 — syncing state\x1b[0m
2026-05-13 17:59:38.913  INFO tokio-rt-worker substrate: 🏆 Imported #28 (0xcd44…87e1 → 0x83d2…bafd)
2026-05-13 17:59:39.149  INFO tokio-rt-worker x3_chain_node::service: \x1b[35m📦 Block imported: #29 — syncing state\x1b[0m
2026-05-13 17:59:39.149  INFO tokio-rt-worker substrate: 🏆 Imported #29 (0x83d2…bafd → 0x8307…4272)
2026-05-13 17:59:39.202  INFO tokio-rt-worker parallel-proposer: Starting parallel proposer on top of parent 0x8307a0487725176b65434fda181e1dc1ea025adad5b83053dd1b02ad389d4272
2026-05-13 17:59:39.235  INFO tokio-rt-worker parallel-proposer: Prepared parallel proposal for block #30 on parent #29
2026-05-13 17:59:39.250  INFO tokio-rt-worker x3_chain_node::service: \x1b[33m🏆 Block finalized: #25 ✅\x1b[0m
2026-05-13 17:59:39.276  INFO tokio-rt-worker substrate: 💤 Idle (2 peers), best: #29 (0x8307…4272), finalized #25 (0x7307…de72), ⬇ 4.5kiB/s ⬆ 5.7kiB/s
2026-05-13 17:59:39.296  INFO tokio-rt-worker aura: 🔖 Pre-sealed block for proposal at 30. Hash now 0x0a101f45f0216d86ca6a702f8f89f490af635f38c28195fe39b6b5f91dfb3a4e, previously 0x8940778e3949cdc1f04e690afb8493fa7688f389b3a8b0a9df3bfc5ff3158fc4.
2026-05-13 17:59:39.298  INFO tokio-rt-worker x3_chain_node::service: \x1b[35m📦 Block imported: #30 — syncing state\x1b[0m
2026-05-13 17:59:39.298  INFO tokio-rt-worker substrate: 🏆 Imported #30 (0x8307…4272 → 0x0a10…3a4e)
2026-05-13 17:59:39.510  INFO tokio-rt-worker substrate: 🏆 Imported #31 (0x0a10…3a4e → 0x89c6…07f2)
2026-05-13 17:59:39.510  INFO tokio-rt-worker x3_chain_node::service: \x1b[35m📦 Block imported: #31 — syncing state\x1b[0m
2026-05-13 17:59:39.602  INFO tokio-rt-worker parallel-proposer: Starting parallel proposer on top of parent 0x89c63f389b784721fee240a60215065314365351c23fbaad3dadbe7e11fe07f2
2026-05-13 17:59:39.633  INFO tokio-rt-worker parallel-proposer: Prepared parallel proposal for block #32 on parent #31
2026-05-13 17:59:39.709  INFO tokio-rt-worker aura: 🔖 Pre-sealed block for proposal at 32. Hash now 0x76333e4f24aaa90cc4a64271115b7612ec4437539d90baca2e690396e9697763, previously 0xafae65ced2460593a3701accc6f49cfbe73a724fc2681b69b2c9aba6d132a357.
2026-05-13 17:59:39.710  INFO tokio-rt-worker x3_chain_node::service: \x1b[35m📦 Block imported: #32 — syncing state\x1b[0m
2026-05-13 17:59:39.710  INFO tokio-rt-worker substrate: 🏆 Imported #32 (0x89c6…07f2 → 0x7633…7763)
2026-05-13 17:59:39.740  INFO tokio-rt-worker x3_chain_node::service: \x1b[33m🏆 Block finalized: #28 ✅\x1b[0m
2026-05-13 17:59:39.955  INFO tokio-rt-worker x3_chain_node::service: \x1b[35m📦 Block imported: #33 — syncing state\x1b[0m
2026-05-13 17:59:39.955  INFO tokio-rt-worker substrate: 🏆 Imported #33 (0x7633…7763 → 0x1620…f067)
2026-05-13 17:59:40.002  INFO tokio-rt-worker parallel-proposer: Starting parallel proposer on top of parent 0x1620c0bb644647d064942c8347001d8f28e1f9d967c0d7d9307c3f282886f067
2026-05-13 17:59:40.033  INFO tokio-rt-worker parallel-proposer: Prepared parallel proposal for block #34 on parent #33
2026-05-13 17:59:40.104  INFO tokio-rt-worker aura: 🔖 Pre-sealed block for proposal at 34. Hash now 0x25144093f5fa43ee12389432e621f49d087962d5e35233b79b472f5accf98318, previously 0x3193c2d03ac88b893d5d2375a2f2b659516ea9dee01851a28ce54ec95c37bf1f.
2026-05-13 17:59:40.105  INFO tokio-rt-worker x3_chain_node::service: \x1b[35m📦 Block imported: #34 — syncing state\x1b[0m
2026-05-13 17:59:40.105  INFO tokio-rt-worker substrate: 🏆 Imported #34 (0x1620…f067 → 0x2514…8318)
2026-05-13 17:59:40.211  INFO tokio-rt-worker x3_chain_node::service: \x1b[33m🏆 Block finalized: #30 ✅\x1b[0m
2026-05-13 17:59:40.355  INFO tokio-rt-worker x3_chain_node::service: \x1b[35m📦 Block imported: #35 — syncing state\x1b[0m
2026-05-13 17:59:40.355  INFO tokio-rt-worker substrate: 🏆 Imported #35 (0x2514…8318 → 0xa335…75ba)
2026-05-13 17:59:40.402  INFO tokio-rt-worker parallel-proposer: Starting parallel proposer on top of parent 0xa335ac4c2a1e0328edee770cbbb190b2399ded5d655f56097210b6a6199575ba
2026-05-13 17:59:40.437  INFO tokio-rt-worker parallel-proposer: Prepared parallel proposal for block #36 on parent #35
2026-05-13 17:59:40.508  INFO tokio-rt-worker aura: 🔖 Pre-sealed block for proposal at 36. Hash now 0x2330e0a466e2d5c35cf5214ec43a7beaeed2444e97e419504abf3de6424b8a69, previously 0xf5bfd99f8d30156412ee19f2ff47feca21a485857b4471add79cba86fcb6a7cd.
2026-05-13 17:59:40.510  INFO tokio-rt-worker substrate: 🏆 Imported #36 (0xa335…75ba → 0x2330…8a69)
2026-05-13 17:59:40.510  INFO tokio-rt-worker x3_chain_node::service: \x1b[35m📦 Block imported: #36 — syncing state\x1b[0m
2026-05-13 17:59:40.712  INFO tokio-rt-worker substrate: 🏆 Imported #37 (0x2330…8a69 → 0xac32…42d5)
2026-05-13 17:59:40.712  INFO tokio-rt-worker x3_chain_node::service: \x1b[35m📦 Block imported: #37 — syncing state\x1b[0m
2026-05-13 17:59:40.803  INFO tokio-rt-worker parallel-proposer: Starting parallel proposer on top of parent 0xac325dcf7a9936e4488646f177be445ba027642adada643f51a715c2d18d42d5
2026-05-13 17:59:40.824  INFO tokio-rt-worker x3_chain_node::service: \x1b[33m🏆 Block finalized: #33 ✅\x1b[0m
2026-05-13 17:59:40.838  INFO tokio-rt-worker parallel-proposer: Prepared parallel proposal for block #38 on parent #37
2026-05-13 17:59:40.913  INFO tokio-rt-worker aura: 🔖 Pre-sealed block for proposal at 38. Hash now 0x794b82719d305a6dc7f050edd5aaba9d2cb93ff30a6784df3ba9a6fb2e49fa17, previously 0x2a71b276f615cd6151de3b2286a69bd9ab93a375e46aa644433fa4081a6d4cfd.
2026-05-13 17:59:40.914  INFO tokio-rt-worker x3_chain_node::service: \x1b[35m📦 Block imported: #38 — syncing state\x1b[0m
2026-05-13 17:59:40.914  INFO tokio-rt-worker substrate: 🏆 Imported #38 (0xac32…42d5 → 0x794b…fa17)
2026-05-13 17:59:41.142  INFO tokio-rt-worker substrate: 🏆 Imported #39 (0x794b…fa17 → 0xe36a…f0d9)
2026-05-13 17:59:41.143  INFO tokio-rt-worker x3_chain_node::service: \x1b[35m📦 Block imported: #39 — syncing state\x1b[0m
2026-05-13 17:59:41.202  INFO tokio-rt-worker parallel-proposer: Starting parallel proposer on top of parent 0xe36acfb53c5ed54eb524e1a0cca1af386b6f336e6838443c69082f6ff933f0d9
2026-05-13 17:59:41.220  INFO tokio-rt-worker parallel-proposer: Prepared parallel proposal for block #40 on parent #39
2026-05-13 17:59:41.278  INFO tokio-rt-worker aura: 🔖 Pre-sealed block for proposal at 40. Hash now 0x2538c97267570fe69876519bd70ee0a16ea0d7a496a20a405398b171532fba4c, previously 0xf2ac96e21f73b137c756304fdc21c2f82fe36bb455e3b4db1eef9265f2ed2c9b.
2026-05-13 17:59:41.279  INFO tokio-rt-worker x3_chain_node::service: \x1b[35m📦 Block imported: #40 — syncing state\x1b[0m
2026-05-13 17:59:41.279  INFO tokio-rt-worker substrate: 🏆 Imported #40 (0xe36a…f0d9 → 0x2538…ba4c)
2026-05-13 17:59:41.288  INFO tokio-rt-worker x3_chain_node::service: \x1b[33m🏆 Block finalized: #36 ✅\x1b[0m
2026-05-13 17:59:41.541  INFO tokio-rt-worker substrate: 🏆 Imported #41 (0x2538…ba4c → 0x0c15…a39c)
2026-05-13 17:59:41.541  INFO tokio-rt-worker x3_chain_node::service: \x1b[35m📦 Block imported: #41 — syncing state\x1b[0m
2026-05-13 17:59:41.602  INFO tokio-rt-worker parallel-proposer: Starting parallel proposer on top of parent 0x0c15fc8f7e49eb930c0336d6b3262275e83d761383898c372c1e85f8d19da39c
2026-05-13 17:59:41.622  INFO tokio-rt-worker parallel-proposer: Prepared parallel proposal for block #42 on parent #41
2026-05-13 17:59:41.698  INFO tokio-rt-worker aura: 🔖 Pre-sealed block for proposal at 42. Hash now 0xc26b0c3a2e91432b462c7067b52c436809db6376bf1cc52bb172d606d610f8fc, previously 0x35e5d6df032014e441eba7b185ca701ec392ac670fd00eb6c3c20e8dc0a8b463.
2026-05-13 17:59:41.700  INFO tokio-rt-worker substrate: 🏆 Imported #42 (0x0c15…a39c → 0xc26b…f8fc)
2026-05-13 17:59:41.700  INFO tokio-rt-worker x3_chain_node::service: \x1b[35m📦 Block imported: #42 — syncing state\x1b[0m
2026-05-13 17:59:41.756  INFO tokio-rt-worker x3_chain_node::service: \x1b[33m🏆 Block finalized: #38 ✅\x1b[0m
2026-05-13 17:59:41.942  INFO tokio-rt-worker substrate: 🏆 Imported #43 (0xc26b…f8fc → 0x2f60…a213)
2026-05-13 17:59:41.942  INFO tokio-rt-worker x3_chain_node::service: \x1b[35m📦 Block imported: #43 — syncing state\x1b[0m
2026-05-13 17:59:42.002  INFO tokio-rt-worker parallel-proposer: Starting parallel proposer on top of parent 0x2f60743af0e1e7f83317afe3728cdfc97e935fa163c2d633a816da8c6bcba213
2026-05-13 17:59:42.039  INFO tokio-rt-worker parallel-proposer: Prepared parallel proposal for block #44 on parent #43
2026-05-13 17:59:42.107  INFO tokio-rt-worker aura: 🔖 Pre-sealed block for proposal at 44. Hash now 0x801a3ba5753dfb2a13f3a1ca2869881670e06f9c589d98d9b773257b30bce3ca, previously 0xc66843a20856acd82b6e16f6f6e09048ad65fb963cc07d30cdcc55d33bec0992.
2026-05-13 17:59:42.108  INFO tokio-rt-worker x3_chain_node::service: \x1b[35m📦 Block imported: #44 — syncing state\x1b[0m
2026-05-13 17:59:42.108  INFO tokio-rt-worker substrate: 🏆 Imported #44 (0x2f60…a213 → 0x801a…e3ca)
2026-05-13 17:59:42.243  INFO tokio-rt-worker x3_chain_node::service: \x1b[33m🏆 Block finalized: #41 ✅\x1b[0m
2026-05-13 17:59:42.400  INFO tokio-rt-worker substrate: 🏆 Imported #45 (0x801a…e3ca → 0x26ed…8cf4)
2026-05-13 17:59:42.400  INFO tokio-rt-worker x3_chain_node::service: \x1b[35m📦 Block imported: #45 — syncing state\x1b[0m
2026-05-13 17:59:42.402  INFO tokio-rt-worker parallel-proposer: Starting parallel proposer on top of parent 0x26ed99f31e3c4c424c1a51ee60aa8030d3e89c874fe2f0c2e530e7da97568cf4
2026-05-13 17:59:42.424  INFO tokio-rt-worker parallel-proposer: Prepared parallel proposal for block #46 on parent #45
2026-05-13 17:59:42.484  INFO tokio-rt-worker aura: 🔖 Pre-sealed block for proposal at 46. Hash now 0x6c28b761fce8b3f50d0c4ff65fe6788d046f6994f3d6b9bababe668d58dbadcf, previously 0x332dc7d8ece15793ec1d0804ffd3b3b6c7727c9365c67233e75d9fdef176dc44.
2026-05-13 17:59:42.486  INFO tokio-rt-worker x3_chain_node::service: \x1b[35m📦 Block imported: #46 — syncing state\x1b[0m
2026-05-13 17:59:42.486  INFO tokio-rt-worker substrate: 🏆 Imported #46 (0x26ed…8cf4 → 0x6c28…adcf)
2026-05-13 17:59:42.747  INFO tokio-rt-worker x3_chain_node::service: \x1b[33m🏆 Block finalized: #43 ✅\x1b[0m
2026-05-13 17:59:42.781  INFO tokio-rt-worker x3_chain_node::service: \x1b[35m📦 Block imported: #47 — syncing state\x1b[0m
2026-05-13 17:59:42.781  INFO tokio-rt-worker substrate: 🏆 Imported #47 (0x6c28…adcf → 0x60ae…12dd)
2026-05-13 17:59:42.802  INFO tokio-rt-worker parallel-proposer: Starting parallel proposer on top of parent 0x60aea412c847e8fb68cd27ba156c598f97de02f3fcd04f216e5bfb6ee2e412dd
2026-05-13 17:59:42.822  INFO tokio-rt-worker parallel-proposer: Prepared parallel proposal for block #48 on parent #47
2026-05-13 17:59:42.893  INFO tokio-rt-worker aura: 🔖 Pre-sealed block for proposal at 48. Hash now 0x34d79eebfdb705acf2b8b229ff3eacd7d477438ecce4c88cef323ce99543e432, previously 0xef5e60fb5a22d39360f4a6951f707cc371fcf632545d6c2a7cbc64e0bf4c1854.
2026-05-13 17:59:42.894  INFO tokio-rt-worker x3_chain_node::service: \x1b[35m📦 Block imported: #48 — syncing state\x1b[0m
2026-05-13 17:59:42.894  INFO tokio-rt-worker substrate: 🏆 Imported #48 (0x60ae…12dd → 0x34d7…e432)
2026-05-13 17:59:43.144  INFO tokio-rt-worker x3_chain_node::service: \x1b[35m📦 Block imported: #49 — syncing state\x1b[0m
2026-05-13 17:59:43.144  INFO tokio-rt-worker substrate: 🏆 Imported #49 (0x34d7…e432 → 0xd548…261b)
2026-05-13 17:59:43.202  INFO tokio-rt-worker parallel-proposer: Starting parallel proposer on top of parent 0xd548a56b52d00983ab4adc5b5d32c48926c7a4c7e85a55197db162c12604261b
2026-05-13 17:59:43.230  INFO tokio-rt-worker parallel-proposer: Prepared parallel proposal for block #50 on parent #49
2026-05-13 17:59:43.238  INFO tokio-rt-worker x3_chain_node::service: \x1b[33m🏆 Block finalized: #46 ✅\x1b[0m
2026-05-13 17:59:43.288  INFO tokio-rt-worker aura: 🔖 Pre-sealed block for proposal at 50. Hash now 0x7f6a9cecba9558b5b89be0626b32563b6f294a3060a44598a12d3c3519f0275c, previously 0xbeaa818863681f7fb1fda50e46b66dacb66e5b69a2fab6a409ad8a40fa6eea96.
2026-05-13 17:59:43.290  INFO tokio-rt-worker x3_chain_node::service: \x1b[35m📦 Block imported: #50 — syncing state\x1b[0m
2026-05-13 17:59:43.290  INFO tokio-rt-worker substrate: 🏆 Imported #50 (0xd548…261b → 0x7f6a…275c)
2026-05-13 17:59:43.569  INFO tokio-rt-worker substrate: 🏆 Imported #51 (0x7f6a…275c → 0x0a02…d527)
2026-05-13 17:59:43.569  INFO tokio-rt-worker x3_chain_node::service: \x1b[35m📦 Block imported: #51 — syncing state\x1b[0m
2026-05-13 17:59:43.602  INFO tokio-rt-worker parallel-proposer: Starting parallel proposer on top of parent 0x0a02193d4841c530fda91173ab36f574895ae135f36b9592539540e387cad527
2026-05-13 17:59:43.627  INFO tokio-rt-worker parallel-proposer: Prepared parallel proposal for block #52 on parent #51
2026-05-13 17:59:43.693  INFO tokio-rt-worker aura: 🔖 Pre-sealed block for proposal at 52. Hash now 0xa8b00f36ab9d4f354047009dfec9e48bda4d56fce749ac04e04e3717c105c102, previously 0x6f35be7cb0c06d6a2dc25b1958bc74bc6e7d2016686e9c598745239d9ab184ca.
2026-05-13 17:59:43.694  INFO tokio-rt-worker x3_chain_node::service: \x1b[35m📦 Block imported: #52 — syncing state\x1b[0m
2026-05-13 17:59:43.694  INFO tokio-rt-worker substrate: 🏆 Imported #52 (0x0a02…d527 → 0xa8b0…c102)
2026-05-13 17:59:43.713  INFO tokio-rt-worker x3_chain_node::service: \x1b[33m🏆 Block finalized: #48 ✅\x1b[0m
2026-05-13 17:59:43.959  INFO tokio-rt-worker substrate: 🏆 Imported #53 (0xa8b0…c102 → 0xe0e6…7c0f)
2026-05-13 17:59:43.959  INFO tokio-rt-worker x3_chain_node::service: \x1b[35m📦 Block imported: #53 — syncing state\x1b[0m
2026-05-13 17:59:44.002  INFO tokio-rt-worker parallel-proposer: Starting parallel proposer on top of parent 0xe0e60a71938f03513d19aee9e37f0c3e479e26216404cdd9a6e7767dc5627c0f
2026-05-13 17:59:44.021  INFO tokio-rt-worker parallel-proposer: Prepared parallel proposal for block #54 on parent #53
2026-05-13 17:59:44.092  INFO tokio-rt-worker aura: 🔖 Pre-sealed block for proposal at 54. Hash now 0xdc17dc4dead0766897776afae6e6a0edd67b7544f9c6a72bdad2af0b818e209b, previously 0x6cc88a3c76733c25e9111691ed78c8a975125dbea6e787deed1b1afe4a7d3a7f.
2026-05-13 17:59:44.094  INFO tokio-rt-worker x3_chain_node::service: \x1b[35m📦 Block imported: #54 — syncing state\x1b[0m
2026-05-13 17:59:44.094  INFO tokio-rt-worker substrate: 🏆 Imported #54 (0xe0e6…7c0f → 0xdc17…209b)
2026-05-13 17:59:44.200  INFO tokio-rt-worker x3_chain_node::service: \x1b[33m🏆 Block finalized: #50 ✅\x1b[0m
2026-05-13 17:59:44.276  INFO tokio-rt-worker substrate: 💤 Idle (2 peers), best: #54 (0xdc17…209b), finalized #50 (0x7f6a…275c), ⬇ 5.1kiB/s ⬆ 7.1kiB/s
2026-05-13 17:59:44.379  INFO tokio-rt-worker substrate: 🏆 Imported #55 (0xdc17…209b → 0x35de…2325)
2026-05-13 17:59:44.379  INFO tokio-rt-worker x3_chain_node::service: \x1b[35m📦 Block imported: #55 — syncing state\x1b[0m
2026-05-13 17:59:44.402  INFO tokio-rt-worker parallel-proposer: Starting parallel proposer on top of parent 0x35de127806f7342977a3124f16f4560eed1407030b093dbe0de1facdec3d2325
2026-05-13 17:59:44.438  INFO tokio-rt-worker parallel-proposer: Prepared parallel proposal for block #56 on parent #55
2026-05-13 17:59:44.497  INFO tokio-rt-worker aura: 🔖 Pre-sealed block for proposal at 56. Hash now 0x3ea1c47fc51bc7e016cd541ed9ef86226f92be08dbf62fb49faa74ca75702c63, previously 0x57311792aedaf8dc1bfd42e2debd10016eae2ca200d15e2d2b3cd5e8f733319a.
2026-05-13 17:59:44.498  INFO tokio-rt-worker substrate: 🏆 Imported #56 (0x35de…2325 → 0x3ea1…2c63)
2026-05-13 17:59:44.498  INFO tokio-rt-worker x3_chain_node::service: \x1b[35m📦 Block imported: #56 — syncing state\x1b[0m
2026-05-13 17:59:44.669  INFO tokio-rt-worker x3_chain_node::service: \x1b[33m🏆 Block finalized: #53 ✅\x1b[0m
2026-05-13 17:59:44.763  INFO tokio-rt-worker x3_chain_node::service: \x1b[35m📦 Block imported: #57 — syncing state\x1b[0m
2026-05-13 17:59:44.763  INFO tokio-rt-worker substrate: 🏆 Imported #57 (0x3ea1…2c63 → 0xb0ec…0182)
2026-05-13 17:59:44.802  INFO tokio-rt-worker parallel-proposer: Starting parallel proposer on top of parent 0xb0ecc34be997ce7d8255cd2da287271eba877762034de461ef5edddad0120182
2026-05-13 17:59:44.836  INFO tokio-rt-worker parallel-proposer: Prepared parallel proposal for block #58 on parent #57
2026-05-13 17:59:44.894  INFO tokio-rt-worker aura: 🔖 Pre-sealed block for proposal at 58. Hash now 0x5a881cabc8f46fad4210578ee2b9f519e6b899a100d8a7c9d611c719d82dd571, previously 0xe38f5f25be386abfe61f71744e68ff291d56804d9050c0f241388163854a330d.
2026-05-13 17:59:44.895  INFO tokio-rt-worker x3_chain_node::service: \x1b[35m📦 Block imported: #58 — syncing state\x1b[0m
2026-05-13 17:59:44.896  INFO tokio-rt-worker substrate: 🏆 Imported #58 (0xb0ec…0182 → 0x5a88…d571)
2026-05-13 17:59:45.145  INFO tokio-rt-worker x3_chain_node::service: \x1b[33m🏆 Block finalized: #55 ✅\x1b[0m
2026-05-13 17:59:45.193  INFO tokio-rt-worker substrate: 🏆 Imported #59 (0x5a88…d571 → 0x1b5d…1f70)
2026-05-13 17:59:45.194  INFO tokio-rt-worker x3_chain_node::service: \x1b[35m📦 Block imported: #59 — syncing state\x1b[0m
2026-05-13 17:59:45.202  INFO tokio-rt-worker parallel-proposer: Starting parallel proposer on top of parent 0x1b5d0d1d12019cf3764619916b9047f2bababded4a8dfb0fe3bd8a1d07621f70
2026-05-13 17:59:45.223  INFO tokio-rt-worker parallel-proposer: Prepared parallel proposal for block #60 on parent #59
2026-05-13 17:59:45.286  INFO tokio-rt-worker aura: 🔖 Pre-sealed block for proposal at 60. Hash now 0xacdb715ede4a0defaafb7fbc17c739776498abb873ce636aebfa9aa62b256f9f, previously 0x1484d73c26420a2114f372c5c9c4374be8bad5952408589335784d673b2b71dd.
2026-05-13 17:59:45.288  INFO tokio-rt-worker x3_chain_node::service: \x1b[35m📦 Block imported: #60 — syncing state\x1b[0m
2026-05-13 17:59:45.288  INFO tokio-rt-worker substrate: 🏆 Imported #60 (0x1b5d…1f70 → 0xacdb…6f9f)
2026-05-13 17:59:45.522  INFO tokio-rt-worker substrate: 🏆 Imported #61 (0xacdb…6f9f → 0xb2d8…23d7)
2026-05-13 17:59:45.522  INFO tokio-rt-worker x3_chain_node::service: \x1b[35m📦 Block imported: #61 — syncing state\x1b[0m
2026-05-13 17:59:45.602  INFO tokio-rt-worker parallel-proposer: Starting parallel proposer on top of parent 0xb2d8e65bfc8a77d10d071ab8190b870e4ed6dfd316886f0cbfc91fafa37d23d7
2026-05-13 17:59:45.629  INFO tokio-rt-worker x3_chain_node::service: \x1b[33m🏆 Block finalized: #58 ✅\x1b[0m
2026-05-13 17:59:45.639  INFO tokio-rt-worker parallel-proposer: Prepared parallel proposal for block #62 on parent #61
2026-05-13 17:59:45.717  INFO tokio-rt-worker aura: 🔖 Pre-sealed block for proposal at 62. Hash now 0xea9cb68eb1034e9f650d2526b0a0b884d214bd8f1f0b526e134413c2075ca5c4, previously 0x1797147ad338304668880479ad92c05848af774a780129eb502b31b85cdd6f1b.
2026-05-13 17:59:45.718  INFO tokio-rt-worker x3_chain_node::service: \x1b[35m📦 Block imported: #62 — syncing state\x1b[0m
2026-05-13 17:59:45.718  INFO tokio-rt-worker substrate: 🏆 Imported #62 (0xb2d8…23d7 → 0xea9c…a5c4)
2026-05-13 17:59:45.934  INFO tokio-rt-worker x3_chain_node::service: \x1b[35m📦 Block imported: #63 — syncing state\x1b[0m
2026-05-13 17:59:45.934  INFO tokio-rt-worker substrate: 🏆 Imported #63 (0xea9c…a5c4 → 0xc58e…fd58)
2026-05-13 17:59:46.002  INFO tokio-rt-worker parallel-proposer: Starting parallel proposer on top of parent 0xc58e9654dcd14f4cd93d6337db1ed6b4c964786e08c43439be52b3ae4ceffd58
2026-05-13 17:59:46.022  INFO tokio-rt-worker parallel-proposer: Prepared parallel proposal for block #64 on parent #63
2026-05-13 17:59:46.092  INFO tokio-rt-worker x3_chain_node::service: \x1b[33m🏆 Block finalized: #60 ✅\x1b[0m
2026-05-13 17:59:46.098  INFO tokio-rt-worker aura: 🔖 Pre-sealed block for proposal at 64. Hash now 0x2ebf61105bf196d656f932c7823d0cd8034cf3dc997d91d9ee537a588ceb7c45, previously 0x7deb7c3699661fb803b8f0df16736ab0538a1cd478f2945a6c488c07eaa20098.
2026-05-13 17:59:46.099  INFO tokio-rt-worker substrate: 🏆 Imported #64 (0xc58e…fd58 → 0x2ebf…7c45)
2026-05-13 17:59:46.099  INFO tokio-rt-worker x3_chain_node::service: \x1b[35m📦 Block imported: #64 — syncing state\x1b[0m
2026-05-13 17:59:46.334  INFO tokio-rt-worker substrate: 🏆 Imported #65 (0x2ebf…7c45 → 0x9e12…dffa)
2026-05-13 17:59:46.334  INFO tokio-rt-worker x3_chain_node::service: \x1b[35m📦 Block imported: #65 — syncing state\x1b[0m
2026-05-13 17:59:46.402  INFO tokio-rt-worker parallel-proposer: Starting parallel proposer on top of parent 0x9e12de37dead5afa31d40fb0ffc798d3258567bae6c0299dd0a0fd112168dffa
2026-05-13 17:59:46.433  INFO tokio-rt-worker parallel-proposer: Prepared parallel proposal for block #66 on parent #65
2026-05-13 17:59:46.494  INFO tokio-rt-worker aura: 🔖 Pre-sealed block for proposal at 66. Hash now 0x0d3936f525bcad0c0634de377d71a73d934b57538ccb45285e9e29707b5d1f8b, previously 0x8c8c79c485dc23297e10bf26e2c782b90d09934fae0b9b35d50d18feabe6f12f.
2026-05-13 17:59:46.495  INFO tokio-rt-worker x3_chain_node::service: \x1b[35m📦 Block imported: #66 — syncing state\x1b[0m
2026-05-13 17:59:46.495  INFO tokio-rt-worker substrate: 🏆 Imported #66 (0x9e12…dffa → 0x0d39…1f8b)
2026-05-13 17:59:46.571  INFO tokio-rt-worker x3_chain_node::service: \x1b[33m🏆 Block finalized: #62 ✅\x1b[0m
2026-05-13 17:59:46.752  INFO tokio-rt-worker substrate: 🏆 Imported #67 (0x0d39…1f8b → 0x5516…e180)
2026-05-13 17:59:46.752  INFO tokio-rt-worker x3_chain_node::service: \x1b[35m📦 Block imported: #67 — syncing state\x1b[0m
2026-05-13 17:59:46.802  INFO tokio-rt-worker parallel-proposer: Starting parallel proposer on top of parent 0x55163e785b00d51a9ea73c040d00ffe719352d5e88d00c5d3f5ad7fadc2be180
2026-05-13 17:59:46.840  INFO tokio-rt-worker parallel-proposer: Prepared parallel proposal for block #68 on parent #67
2026-05-13 17:59:46.900  INFO tokio-rt-worker aura: 🔖 Pre-sealed block for proposal at 68. Hash now 0x9784de74ee99df34ba6869c986681ea372c7f4f0b440bef186314f23a4e893a5, previously 0x4af651df3e3937daa9ead5e457fb2ae970f6745b9287272a98e5c17c05c3432b.
2026-05-13 17:59:46.901  INFO tokio-rt-worker substrate: 🏆 Imported #68 (0x5516…e180 → 0x9784…93a5)
2026-05-13 17:59:46.901  INFO tokio-rt-worker x3_chain_node::service: \x1b[35m📦 Block imported: #68 — syncing state\x1b[0m
2026-05-13 17:59:47.053  INFO tokio-rt-worker x3_chain_node::service: \x1b[33m🏆 Block finalized: #65 ✅\x1b[0m
2026-05-13 17:59:47.169  INFO tokio-rt-worker x3_chain_node::service: \x1b[35m📦 Block imported: #69 — syncing state\x1b[0m
2026-05-13 17:59:47.169  INFO tokio-rt-worker substrate: 🏆 Imported #69 (0x9784…93a5 → 0xb338…c1d7)
2026-05-13 17:59:47.202  INFO tokio-rt-worker parallel-proposer: Starting parallel proposer on top of parent 0xb338a759b31db6cc39c4d91b5aadf3daaa36adaaef2d5120c6ada4a7370ac1d7
2026-05-13 17:59:47.242  INFO tokio-rt-worker parallel-proposer: Prepared parallel proposal for block #70 on parent #69
2026-05-13 17:59:47.320  INFO tokio-rt-worker aura: 🔖 Pre-sealed block for proposal at 70. Hash now 0x43b53003f8057516a0c6732d177d096eb4480cbfb4bb6c3263132d6cfe5eea12, previously 0x6488c303d2e2fa5d2a292ca0f76fed0c79009c38dd9ccb5134ad32e049d8a4b1.
2026-05-13 17:59:47.322  INFO tokio-rt-worker x3_chain_node::service: \x1b[35m📦 Block imported: #70 — syncing state\x1b[0m
2026-05-13 17:59:47.322  INFO tokio-rt-worker substrate: 🏆 Imported #70 (0xb338…c1d7 → 0x43b5…ea12)
2026-05-13 17:59:47.514  INFO tokio-rt-worker x3_chain_node::service: \x1b[33m🏆 Block finalized: #67 ✅\x1b[0m
2026-05-13 17:59:47.549  INFO tokio-rt-worker x3_chain_node::service: \x1b[35m📦 Block imported: #71 — syncing state\x1b[0m
2026-05-13 17:59:47.549  INFO tokio-rt-worker substrate: 🏆 Imported #71 (0x43b5…ea12 → 0x3141…7d27)
2026-05-13 17:59:47.602  INFO tokio-rt-worker parallel-proposer: Starting parallel proposer on top of parent 0x3141ae95d77d4af424280890df141a5d0a5b210965b6fd829dff54bf6ca07d27
2026-05-13 17:59:47.637  INFO tokio-rt-worker parallel-proposer: Prepared parallel proposal for block #72 on parent #71
2026-05-13 17:59:47.698  INFO tokio-rt-worker aura: 🔖 Pre-sealed block for proposal at 72. Hash now 0x8bdd3f191c2b4986e376f086c3f8cb6d9edee117f61b26d0bc9accfec0d4e78f, previously 0x2c278928c0f3bd19d902f9d89a4698e1d50862f89c5c7f46911bbfdf1bb8b689.
2026-05-13 17:59:47.699  INFO tokio-rt-worker x3_chain_node::service: \x1b[35m📦 Block imported: #72 — syncing state\x1b[0m
2026-05-13 17:59:47.699  INFO tokio-rt-worker substrate: 🏆 Imported #72 (0x3141…7d27 → 0x8bdd…e78f)
2026-05-13 17:59:47.961  INFO tokio-rt-worker x3_chain_node::service: \x1b[35m📦 Block imported: #73 — syncing state\x1b[0m
2026-05-13 17:59:47.961  INFO tokio-rt-worker substrate: 🏆 Imported #73 (0x8bdd…e78f → 0xd7fc…93da)
2026-05-13 17:59:47.978  INFO tokio-rt-worker x3_chain_node::service: \x1b[33m🏆 Block finalized: #69 ✅\x1b[0m
2026-05-13 17:59:48.002  INFO tokio-rt-worker parallel-proposer: Starting parallel proposer on top of parent 0xd7fcb4b3ce7c81125d117c03e6453a75b106111ba57d5479d5bc53cf2c6c93da
2026-05-13 17:59:48.035  INFO tokio-rt-worker parallel-proposer: Prepared parallel proposal for block #74 on parent #73
2026-05-13 17:59:48.094  INFO tokio-rt-worker aura: 🔖 Pre-sealed block for proposal at 74. Hash now 0x0f9851f5651ec69e566571533c002107240261ae46a4535388ffe8c3eadc01f7, previously 0x7d9cb8b4decc514641e385e677d4c2c18ef6d2b22fc35683aebe8555811b6dca.
2026-05-13 17:59:48.095  INFO tokio-rt-worker x3_chain_node::service: \x1b[35m📦 Block imported: #74 — syncing state\x1b[0m
2026-05-13 17:59:48.095  INFO tokio-rt-worker substrate: 🏆 Imported #74 (0xd7fc…93da → 0x0f98…01f7)
2026-05-13 17:59:48.355  INFO tokio-rt-worker x3_chain_node::service: \x1b[35m📦 Block imported: #75 — syncing state\x1b[0m
2026-05-13 17:59:48.355  INFO tokio-rt-worker substrate: 🏆 Imported #75 (0x0f98…01f7 → 0xbf37…47ad)
2026-05-13 17:59:48.402  INFO tokio-rt-worker parallel-proposer: Starting parallel proposer on top of parent 0xbf3701b3947b15eccacce856b7e5259fbb990a828114cbe4e8bd89d9d3f647ad
2026-05-13 17:59:48.427  INFO tokio-rt-worker parallel-proposer: Prepared parallel proposal for block #76 on parent #75
2026-05-13 17:59:48.447  INFO tokio-rt-worker x3_chain_node::service: \x1b[33m🏆 Block finalized: #72 ✅\x1b[0m
2026-05-13 17:59:48.488  INFO tokio-rt-worker aura: 🔖 Pre-sealed block for proposal at 76. Hash now 0xf1d8e1a3e08c48817b56aa3e4fd6def97edbc167984c51c21c0a269edaf70275, previously 0x4c5469eca9ad5ae4410757eb549b2536b6a0485100f66d89725a95503857157f.
2026-05-13 17:59:48.489  INFO tokio-rt-worker x3_chain_node::service: \x1b[35m📦 Block imported: #76 — syncing state\x1b[0m
2026-05-13 17:59:48.489  INFO tokio-rt-worker substrate: 🏆 Imported #76 (0xbf37…47ad → 0xf1d8…0275)
2026-05-13 17:59:48.741  INFO tokio-rt-worker x3_chain_node::service: \x1b[35m📦 Block imported: #77 — syncing state\x1b[0m
2026-05-13 17:59:48.741  INFO tokio-rt-worker substrate: 🏆 Imported #77 (0xf1d8…0275 → 0xd4d0…a60e)
2026-05-13 17:59:48.802  INFO tokio-rt-worker parallel-proposer: Starting parallel proposer on top of parent 0xd4d0d330b85e1ae7f9aaadae4c517cc3b83cdc04f46a6a36565b0878afa4a60e
2026-05-13 17:59:48.827  INFO tokio-rt-worker parallel-proposer: Prepared parallel proposal for block #78 on parent #77
2026-05-13 17:59:48.904  INFO tokio-rt-worker aura: 🔖 Pre-sealed block for proposal at 78. Hash now 0x811ce715ffa05cb77f14072b18acc6befa59eb75156f41857e03e528b06822a6, previously 0xa1d7d284027379cda9a66347d9ef23b97746045a1d377e72726c5c1398544962.
2026-05-13 17:59:48.905  INFO tokio-rt-worker x3_chain_node::service: \x1b[35m📦 Block imported: #78 — syncing state\x1b[0m
2026-05-13 17:59:48.906  INFO tokio-rt-worker substrate: 🏆 Imported #78 (0xd4d0…a60e → 0x811c…22a6)
2026-05-13 17:59:48.919  INFO tokio-rt-worker x3_chain_node::service: \x1b[33m🏆 Block finalized: #74 ✅\x1b[0m
2026-05-13 17:59:49.132  INFO tokio-rt-worker x3_chain_node::service: \x1b[35m📦 Block imported: #79 — syncing state\x1b[0m
2026-05-13 17:59:49.132  INFO tokio-rt-worker substrate: 🏆 Imported #79 (0x811c…22a6 → 0xaf65…42b2)
2026-05-13 17:59:49.202  INFO tokio-rt-worker parallel-proposer: Starting parallel proposer on top of parent 0xaf65b458b9ee8e49bb4f5878e04bbbe730955acf4e6c023ce62da62c4fdf42b2
2026-05-13 17:59:49.238  INFO tokio-rt-worker parallel-proposer: Prepared parallel proposal for block #80 on parent #79
2026-05-13 17:59:49.277  INFO tokio-rt-worker substrate: 💤 Idle (2 peers), best: #79 (0xaf65…42b2), finalized #74 (0x0f98…01f7), ⬇ 5.6kiB/s ⬆ 7.0kiB/s
2026-05-13 17:59:49.306  INFO tokio-rt-worker aura: 🔖 Pre-sealed block for proposal at 80. Hash now 0xce9cb3bea10d97f286022c2fa2e6b8ab73be4e6460edab9feb2f35bcd4e895af, previously 0xa5d487bbce2785063f2156c0021420b1cb95e52a293cdeb436c8d08efb93a425.
2026-05-13 17:59:49.308  INFO tokio-rt-worker substrate: 🏆 Imported #80 (0xaf65…42b2 → 0xce9c…95af)
2026-05-13 17:59:49.308  INFO tokio-rt-worker x3_chain_node::service: \x1b[35m📦 Block imported: #80 — syncing state\x1b[0m
2026-05-13 17:59:49.406  INFO tokio-rt-worker x3_chain_node::service: \x1b[33m🏆 Block finalized: #76 ✅\x1b[0m
2026-05-13 17:59:49.553  INFO tokio-rt-worker x3_chain_node::service: \x1b[35m📦 Block imported: #81 — syncing state\x1b[0m
2026-05-13 17:59:49.553  INFO tokio-rt-worker substrate: 🏆 Imported #81 (0xce9c…95af → 0x1484…cdbb)
2026-05-13 17:59:49.602  INFO tokio-rt-worker parallel-proposer: Starting parallel proposer on top of parent 0x1484ba8344da0830887561f9cd6cb1a8c93eaa6ee10d31c84e7fbefecbd6cdbb
2026-05-13 17:59:49.627  INFO tokio-rt-worker parallel-proposer: Prepared parallel proposal for block #82 on parent #81
2026-05-13 17:59:49.695  INFO tokio-rt-worker aura: 🔖 Pre-sealed block for proposal at 82. Hash now 0x97b75ec4da5fbda6a2074b35ae5c3e61570fcec9bd46861090a2a5b391970951, previously 0x3b0bf7c29763b0e6e61a0cb17848f491aaa4fdef98015fa175125ef677dde3c9.
2026-05-13 17:59:49.697  INFO tokio-rt-worker substrate: 🏆 Imported #82 (0x1484…cdbb → 0x97b7…0951)
2026-05-13 17:59:49.698  INFO tokio-rt-worker x3_chain_node::service: \x1b[35m📦 Block imported: #82 — syncing state\x1b[0m
2026-05-13 17:59:49.877  INFO tokio-rt-worker x3_chain_node::service: \x1b[33m🏆 Block finalized: #79 ✅\x1b[0m
2026-05-13 17:59:49.960  INFO tokio-rt-worker x3_chain_node::service: \x1b[35m📦 Block imported: #83 — syncing state\x1b[0m
2026-05-13 17:59:49.960  INFO tokio-rt-worker substrate: 🏆 Imported #83 (0x97b7…0951 → 0x0473…4d34)
2026-05-13 17:59:50.002  INFO tokio-rt-worker parallel-proposer: Starting parallel proposer on top of parent 0x0473f74622c89a29419e3dbfbe1c9d9616e8a26342be7baf438b78c10f7f4d34
2026-05-13 17:59:50.027  INFO tokio-rt-worker parallel-proposer: Prepared parallel proposal for block #84 on parent #83
2026-05-13 17:59:50.103  INFO tokio-rt-worker aura: 🔖 Pre-sealed block for proposal at 84. Hash now 0xf92ca15e6890a758deb92f08367f12c27a459da10c08222aa877e9842fb98bfa, previously 0x03ebef2070929cc07edeb1510d8e51b5c53c586983947966c87958a12900723e.
2026-05-13 17:59:50.104  INFO tokio-rt-worker substrate: 🏆 Imported #84 (0x0473…4d34 → 0xf92c…8bfa)
2026-05-13 17:59:50.104  INFO tokio-rt-worker x3_chain_node::service: \x1b[35m📦 Block imported: #84 — syncing state\x1b[0m
2026-05-13 17:59:50.361  INFO tokio-rt-worker x3_chain_node::service: \x1b[35m📦 Block imported: #85 — syncing state\x1b[0m
2026-05-13 17:59:50.361  INFO tokio-rt-worker substrate: 🏆 Imported #85 (0xf92c…8bfa → 0xbb44…a985)
2026-05-13 17:59:50.364  INFO tokio-rt-worker x3_chain_node::service: \x1b[33m🏆 Block finalized: #81 ✅\x1b[0m
2026-05-13 17:59:50.402  INFO tokio-rt-worker parallel-proposer: Starting parallel proposer on top of parent 0xbb442f058dc9cc226b946eaa4a275d65e276d70364e320fa5280b77b14eca985
2026-05-13 17:59:50.424  INFO tokio-rt-worker parallel-proposer: Prepared parallel proposal for block #86 on parent #85
2026-05-13 17:59:50.500  INFO tokio-rt-worker aura: 🔖 Pre-sealed block for proposal at 86. Hash now 0x9890d22b1ea09de6451c78469e8193f266a44d40d30d1892d4ec0d5286047818, previously 0xfbf97815c3ce22302df9135cd78734f7b8c6c1034900290ccf6326b06dad6707.
2026-05-13 17:59:50.502  INFO tokio-rt-worker x3_chain_node::service: \x1b[35m📦 Block imported: #86 — syncing state\x1b[0m
2026-05-13 17:59:50.502  INFO tokio-rt-worker substrate: 🏆 Imported #86 (0xbb44…a985 → 0x9890…7818)
2026-05-13 17:59:50.736  INFO tokio-rt-worker x3_chain_node::service: \x1b[35m📦 Block imported: #87 — syncing state\x1b[0m
2026-05-13 17:59:50.736  INFO tokio-rt-worker substrate: 🏆 Imported #87 (0x9890…7818 → 0x8514…9d31)
2026-05-13 17:59:50.803  INFO tokio-rt-worker parallel-proposer: Starting parallel proposer on top of parent 0x85145055e31879f95e22297200312811eadc5e463b67b806308f9711bc859d31
2026-05-13 17:59:50.826  INFO tokio-rt-worker parallel-proposer: Prepared parallel proposal for block #88 on parent #87
2026-05-13 17:59:50.840  INFO tokio-rt-worker x3_chain_node::service: \x1b[33m🏆 Block finalized: #84 ✅\x1b[0m
2026-05-13 17:59:50.893  INFO tokio-rt-worker aura: 🔖 Pre-sealed block for proposal at 88. Hash now 0x6fcadb61f69b5782c1be674c9a97dcfe86a00590b584dc6a9199e6da34f33fc0, previously 0x9d284fba97aa464994c279db31ef6d4414a35d6c4a1d6b80868eea13ec727684.
2026-05-13 17:59:50.895  INFO tokio-rt-worker substrate: 🏆 Imported #88 (0x8514…9d31 → 0x6fca…3fc0)
2026-05-13 17:59:50.895  INFO tokio-rt-worker x3_chain_node::service: \x1b[35m📦 Block imported: #88 — syncing state\x1b[0m
2026-05-13 17:59:51.136  INFO tokio-rt-worker x3_chain_node::service: \x1b[35m📦 Block imported: #89 — syncing state\x1b[0m
2026-05-13 17:59:51.136  INFO tokio-rt-worker substrate: 🏆 Imported #89 (0x6fca…3fc0 → 0xc534…c8da)
2026-05-13 17:59:51.202  INFO tokio-rt-worker parallel-proposer: Starting parallel proposer on top of parent 0xc534102bcc943dfd46f744916ce5e7feeb8b54b1c8a674fcc839c6fa5830c8da
2026-05-13 17:59:51.223  INFO tokio-rt-worker parallel-proposer: Prepared parallel proposal for block #90 on parent #89
2026-05-13 17:59:51.299  INFO tokio-rt-worker aura: 🔖 Pre-sealed block for proposal at 90. Hash now 0xbe105c6791b9121feee84235e5a065e208077c6444078b3b45d53d76a971d6e2, previously 0x229f3b70213fb88dd8ad85aef9f1dbe14b9dd720e61d8b52085066ef46337a92.
2026-05-13 17:59:51.300  INFO tokio-rt-worker x3_chain_node::service: \x1b[35m📦 Block imported: #90 — syncing state\x1b[0m
2026-05-13 17:59:51.300  INFO tokio-rt-worker substrate: 🏆 Imported #90 (0xc534…c8da → 0xbe10…d6e2)
2026-05-13 17:59:51.301  INFO tokio-rt-worker x3_chain_node::service: \x1b[33m🏆 Block finalized: #86 ✅\x1b[0m
2026-05-13 17:59:51.560  INFO tokio-rt-worker substrate: 🏆 Imported #91 (0xbe10…d6e2 → 0x2a0d…4ba8)
2026-05-13 17:59:51.560  INFO tokio-rt-worker x3_chain_node::service: \x1b[35m📦 Block imported: #91 — syncing state\x1b[0m
2026-05-13 17:59:51.603  INFO tokio-rt-worker parallel-proposer: Starting parallel proposer on top of parent 0x2a0d1aa94f20a33f3f7d5f71b4a173500c787a42761e0099da1487b7ce1c4ba8
2026-05-13 17:59:51.625  INFO tokio-rt-worker parallel-proposer: Prepared parallel proposal for block #92 on parent #91
2026-05-13 17:59:51.702  INFO tokio-rt-worker aura: 🔖 Pre-sealed block for proposal at 92. Hash now 0xdc33f161d44990abbdd4e9dec1d317e98a5eae76fc5ab798607a78bd0f3e7fce, previously 0x778e2d3354d2b8f77179bc3ad10c40bf7d2f4602899fc9b8f37363eee83652c1.
2026-05-13 17:59:51.703  INFO tokio-rt-worker substrate: 🏆 Imported #92 (0x2a0d…4ba8 → 0xdc33…7fce)
2026-05-13 17:59:51.703  INFO tokio-rt-worker x3_chain_node::service: \x1b[35m📦 Block imported: #92 — syncing state\x1b[0m
2026-05-13 17:59:51.791  INFO tokio-rt-worker x3_chain_node::service: \x1b[33m🏆 Block finalized: #88 ✅\x1b[0m
2026-05-13 17:59:51.950  INFO tokio-rt-worker x3_chain_node::service: \x1b[35m📦 Block imported: #93 — syncing state\x1b[0m
2026-05-13 17:59:51.950  INFO tokio-rt-worker substrate: 🏆 Imported #93 (0xdc33…7fce → 0xe643…63c5)
2026-05-13 17:59:52.002  INFO tokio-rt-worker parallel-proposer: Starting parallel proposer on top of parent 0xe643240a10a92c2c3cb51da644ebdd40b1aad06acba91bd999922cea068363c5
2026-05-13 17:59:52.030  INFO tokio-rt-worker parallel-proposer: Prepared parallel proposal for block #94 on parent #93
2026-05-13 17:59:52.106  INFO tokio-rt-worker aura: 🔖 Pre-sealed block for proposal at 94. Hash now 0x904732fed86d61588e01ebde9923f0188d78639ed305e1976ad491bc0235d71a, previously 0x3abae9361b44e982c7e5869756ef615248826426ffc79577353cc8c3962c7589.
2026-05-13 17:59:52.108  INFO tokio-rt-worker x3_chain_node::service: \x1b[35m📦 Block imported: #94 — syncing state\x1b[0m
2026-05-13 17:59:52.108  INFO tokio-rt-worker substrate: 🏆 Imported #94 (0xe643…63c5 → 0x9047…d71a)
2026-05-13 17:59:52.288  INFO tokio-rt-worker x3_chain_node::service: \x1b[33m🏆 Block finalized: #91 ✅\x1b[0m
2026-05-13 17:59:52.355  INFO tokio-rt-worker x3_chain_node::service: \x1b[35m📦 Block imported: #95 — syncing state\x1b[0m
2026-05-13 17:59:52.355  INFO tokio-rt-worker substrate: 🏆 Imported #95 (0x9047…d71a → 0xf56c…c8f9)
2026-05-13 17:59:52.402  INFO tokio-rt-worker parallel-proposer: Starting parallel proposer on top of parent 0xf56c1b0e12aa38b9d7a5037047a7258b61cf25a85bc01124109b7382b6b2c8f9
2026-05-13 17:59:52.423  INFO tokio-rt-worker parallel-proposer: Prepared parallel proposal for block #96 on parent #95
2026-05-13 17:59:52.502  INFO tokio-rt-worker aura: 🔖 Pre-sealed block for proposal at 96. Hash now 0xe6df710309d1c5473af09db40283b329c4a667931aaae0efdf8d287a2592b852, previously 0xd4bfe869a0324c526a710bc52452c92461e8444ded9bd3f545b5f678edba08de.
2026-05-13 17:59:52.503  INFO tokio-rt-worker substrate: 🏆 Imported #96 (0xf56c…c8f9 → 0xe6df…b852)
2026-05-13 17:59:52.503  INFO tokio-rt-worker x3_chain_node::service: \x1b[35m📦 Block imported: #96 — syncing state\x1b[0m
2026-05-13 17:59:52.759  INFO tokio-rt-worker substrate: 🏆 Imported #97 (0xe6df…b852 → 0xef6a…4112)
2026-05-13 17:59:52.759  INFO tokio-rt-worker x3_chain_node::service: \x1b[35m📦 Block imported: #97 — syncing state\x1b[0m
2026-05-13 17:59:52.783  INFO tokio-rt-worker x3_chain_node::service: \x1b[33m🏆 Block finalized: #93 ✅\x1b[0m
2026-05-13 17:59:52.803  INFO tokio-rt-worker parallel-proposer: Starting parallel proposer on top of parent 0xef6afbe8a2cc332ab8813f0383220f1afe443d2fc9ec81614344f47de69a4112
2026-05-13 17:59:52.827  INFO tokio-rt-worker parallel-proposer: Prepared parallel proposal for block #98 on parent #97
2026-05-13 17:59:52.909  INFO tokio-rt-worker aura: 🔖 Pre-sealed block for proposal at 98. Hash now 0x37fba663eedcbcedff78be1464145a0ac36f72e86ff42d60ec1a1cd64f5ce519, previously 0xdf4521fb757accb1522d89b38d2e5ebad2f2ed48ff0e14342365fa763791b810.
2026-05-13 17:59:52.912  INFO tokio-rt-worker x3_chain_node::service: \x1b[35m📦 Block imported: #98 — syncing state\x1b[0m
2026-05-13 17:59:52.912  INFO tokio-rt-worker substrate: 🏆 Imported #98 (0xef6a…4112 → 0x37fb…e519)
2026-05-13 17:59:53.120  INFO tokio-rt-worker substrate: 🏆 Imported #99 (0x37fb…e519 → 0xba46…1ca0)
2026-05-13 17:59:53.120  INFO tokio-rt-worker x3_chain_node::service: \x1b[35m📦 Block imported: #99 — syncing state\x1b[0m
2026-05-13 17:59:53.202  INFO tokio-rt-worker parallel-proposer: Starting parallel proposer on top of parent 0xba4621501360bad7948d9d861ec42fe5852ef03ba2b828e5817446a507d61ca0
2026-05-13 17:59:53.229  INFO tokio-rt-worker parallel-proposer: Prepared parallel proposal for block #100 on parent #99
2026-05-13 17:59:53.249  INFO tokio-rt-worker x3_chain_node::service: \x1b[33m🏆 Block finalized: #96 ✅\x1b[0m
2026-05-13 17:59:53.308  INFO tokio-rt-worker aura: 🔖 Pre-sealed block for proposal at 100. Hash now 0xcb8af65985222d8c42b77ef2dbe767359a92fd6049148137b690d7cee6c7d445, previously 0x0177133c9ae739605a083ff031ca8587acdf4d6fb4ed76775a87894825edee31.
2026-05-13 17:59:53.310  INFO tokio-rt-worker substrate: 🏆 Imported #100 (0xba46…1ca0 → 0xcb8a…d445)
2026-05-13 17:59:53.310  INFO tokio-rt-worker x3_chain_node::service: \x1b[35m📦 Block imported: #100 — syncing state\x1b[0m
2026-05-13 17:59:53.548  INFO tokio-rt-worker x3_chain_node::service: \x1b[35m📦 Block imported: #101 — syncing state\x1b[0m
2026-05-13 17:59:53.548  INFO tokio-rt-worker substrate: 🏆 Imported #101 (0xcb8a…d445 → 0x1dcb…463b)
2026-05-13 17:59:53.602  INFO tokio-rt-worker parallel-proposer: Starting parallel proposer on top of parent 0x1dcb2ef1ceb4c50c8f22ade93bc321f0dc18e49ca2f86df8571fbd4b7ace463b
2026-05-13 17:59:53.623  INFO tokio-rt-worker parallel-proposer: Prepared parallel proposal for block #102 on parent #101
